[2024-12-03 20:24:10,748] INFO | base >>> SELECT DATABASE()
[2024-12-03 20:24:10,751] INFO | base >>> [raw sql] {}
[2024-12-03 20:24:10,784] INFO | base >>> SELECT @@sql_mode
[2024-12-03 20:24:10,788] INFO | base >>> [raw sql] {}
[2024-12-03 20:24:10,800] INFO | base >>> SELECT @@lower_case_table_names
[2024-12-03 20:24:10,802] INFO | base >>> [raw sql] {}
[2024-12-03 20:24:10,892] INFO | base >>> BEGIN (implicit)
[2024-12-03 20:24:10,894] INFO | base >>> SHOW CREATE TABLE `appointment`
[2024-12-03 20:24:10,896] INFO | base >>> [raw sql] {}
[2024-12-03 20:24:11,173] INFO | base >>> 
                    select table_schema, table_name, column_name
                    from information_schema.columns
                    where (table_schema, table_name, lower(column_name)) in
                    ((%(table_data_1_1)s, %(table_data_1_2)s, %(table_data_1_3)s), (%(table_data_2_1)s, %(table_data_2_2)s, %(table_data_2_3)s), (%(table_data_3_1)s, %(table_data_3_2)s, %(table_data_3_3)s));
                
[2024-12-03 20:24:11,189] INFO | base >>> [generated in 0.01760s] {'table_data_1_1': 'veterinarian', 'table_data_1_2': 'clients', 'table_data_1_3': 'owner_id', 'table_data_2_1': 'veterinarian', 'table_data_2_2': 'clients', 'table_data_2_3': 'client_id', 'table_data_3_1': 'veterinarian', 'table_data_3_2': 'veterinarian', 'table_data_3_3': 'veterinarian_id'}
[2024-12-03 20:24:11,453] INFO | base >>> SHOW CREATE TABLE `clients`
[2024-12-03 20:24:11,454] INFO | base >>> [raw sql] {}
[2024-12-03 20:24:11,475] INFO | base >>> 
                    select table_schema, table_name, column_name
                    from information_schema.columns
                    where (table_schema, table_name, lower(column_name)) in
                    ((%(table_data_1_1)s, %(table_data_1_2)s, %(table_data_1_3)s));
                
[2024-12-03 20:24:11,481] INFO | base >>> [cached since 0.3089s ago] {'table_data_1_1': 'veterinarian', 'table_data_1_2': 'owner', 'table_data_1_3': 'owner_id'}
[2024-12-03 20:24:11,495] INFO | base >>> SHOW CREATE TABLE `owner`
[2024-12-03 20:24:11,497] INFO | base >>> [raw sql] {}
[2024-12-03 20:24:11,521] INFO | base >>> SHOW CREATE TABLE `veterinarian`
[2024-12-03 20:24:11,524] INFO | base >>> [raw sql] {}
[2024-12-03 20:24:11,552] INFO | base >>> ROLLBACK
[2024-12-03 20:24:11,567] INFO | base >>> BEGIN (implicit)
[2024-12-03 20:24:11,570] INFO | base >>> SHOW CREATE TABLE `billing`
[2024-12-03 20:24:11,573] INFO | base >>> [raw sql] {}
[2024-12-03 20:24:11,587] INFO | base >>> 
                    select table_schema, table_name, column_name
                    from information_schema.columns
                    where (table_schema, table_name, lower(column_name)) in
                    ((%(table_data_1_1)s, %(table_data_1_2)s, %(table_data_1_3)s), (%(table_data_2_1)s, %(table_data_2_2)s, %(table_data_2_3)s), (%(table_data_3_1)s, %(table_data_3_2)s, %(table_data_3_3)s), (%(table_data_4_1)s, %(table_data_4_2)s, %(table_data_4_3)s));
                
[2024-12-03 20:24:11,592] INFO | base >>> [cached since 0.4199s ago] {'table_data_1_1': 'veterinarian', 'table_data_1_2': 'appointment', 'table_data_1_3': 'veterinarian_id', 'table_data_2_1': 'veterinarian', 'table_data_2_2': 'appointment', 'table_data_2_3': 'appointment_id', 'table_data_3_1': 'veterinarian', 'table_data_3_2': 'appointment', 'table_data_3_3': 'client_id', 'table_data_4_1': 'veterinarian', 'table_data_4_2': 'appointment', 'table_data_4_3': 'owner_id'}
[2024-12-03 20:24:11,652] INFO | base >>> ROLLBACK
[2024-12-03 20:24:11,962] INFO | _internal >>> [31m[1mWARNING: This is a development server. Do not use it in a production deployment. Use a production WSGI server instead.[0m
 * Running on all addresses (0.0.0.0)
 * Running on http://127.0.0.1:7002
 * Running on http://192.168.0.131:7002
[2024-12-03 20:24:11,963] INFO | _internal >>> [33mPress CTRL+C to quit[0m
[2024-12-03 20:24:11,972] INFO | _internal >>>  * Restarting with stat
[2024-12-03 20:24:15,159] INFO | base >>> SELECT DATABASE()
[2024-12-03 20:24:15,161] INFO | base >>> [raw sql] {}
[2024-12-03 20:24:15,172] INFO | base >>> SELECT @@sql_mode
[2024-12-03 20:24:15,174] INFO | base >>> [raw sql] {}
[2024-12-03 20:24:15,182] INFO | base >>> SELECT @@lower_case_table_names
[2024-12-03 20:24:15,184] INFO | base >>> [raw sql] {}
[2024-12-03 20:24:15,257] INFO | base >>> BEGIN (implicit)
[2024-12-03 20:24:15,258] INFO | base >>> SHOW CREATE TABLE `appointment`
[2024-12-03 20:24:15,259] INFO | base >>> [raw sql] {}
[2024-12-03 20:24:15,272] INFO | base >>> 
                    select table_schema, table_name, column_name
                    from information_schema.columns
                    where (table_schema, table_name, lower(column_name)) in
                    ((%(table_data_1_1)s, %(table_data_1_2)s, %(table_data_1_3)s), (%(table_data_2_1)s, %(table_data_2_2)s, %(table_data_2_3)s), (%(table_data_3_1)s, %(table_data_3_2)s, %(table_data_3_3)s));
                
[2024-12-03 20:24:15,276] INFO | base >>> [generated in 0.00554s] {'table_data_1_1': 'veterinarian', 'table_data_1_2': 'clients', 'table_data_1_3': 'owner_id', 'table_data_2_1': 'veterinarian', 'table_data_2_2': 'clients', 'table_data_2_3': 'client_id', 'table_data_3_1': 'veterinarian', 'table_data_3_2': 'veterinarian', 'table_data_3_3': 'veterinarian_id'}
[2024-12-03 20:24:15,338] INFO | base >>> SHOW CREATE TABLE `clients`
[2024-12-03 20:24:15,340] INFO | base >>> [raw sql] {}
[2024-12-03 20:24:15,352] INFO | base >>> 
                    select table_schema, table_name, column_name
                    from information_schema.columns
                    where (table_schema, table_name, lower(column_name)) in
                    ((%(table_data_1_1)s, %(table_data_1_2)s, %(table_data_1_3)s));
                
[2024-12-03 20:24:15,358] INFO | base >>> [cached since 0.08614s ago] {'table_data_1_1': 'veterinarian', 'table_data_1_2': 'owner', 'table_data_1_3': 'owner_id'}
[2024-12-03 20:24:15,373] INFO | base >>> SHOW CREATE TABLE `owner`
[2024-12-03 20:24:15,376] INFO | base >>> [raw sql] {}
[2024-12-03 20:24:15,393] INFO | base >>> SHOW CREATE TABLE `veterinarian`
[2024-12-03 20:24:15,395] INFO | base >>> [raw sql] {}
[2024-12-03 20:24:15,414] INFO | base >>> ROLLBACK
[2024-12-03 20:24:15,432] INFO | base >>> BEGIN (implicit)
[2024-12-03 20:24:15,433] INFO | base >>> SHOW CREATE TABLE `billing`
[2024-12-03 20:24:15,434] INFO | base >>> [raw sql] {}
[2024-12-03 20:24:15,446] INFO | base >>> 
                    select table_schema, table_name, column_name
                    from information_schema.columns
                    where (table_schema, table_name, lower(column_name)) in
                    ((%(table_data_1_1)s, %(table_data_1_2)s, %(table_data_1_3)s), (%(table_data_2_1)s, %(table_data_2_2)s, %(table_data_2_3)s), (%(table_data_3_1)s, %(table_data_3_2)s, %(table_data_3_3)s), (%(table_data_4_1)s, %(table_data_4_2)s, %(table_data_4_3)s));
                
[2024-12-03 20:24:15,451] INFO | base >>> [cached since 0.1799s ago] {'table_data_1_1': 'veterinarian', 'table_data_1_2': 'appointment', 'table_data_1_3': 'veterinarian_id', 'table_data_2_1': 'veterinarian', 'table_data_2_2': 'appointment', 'table_data_2_3': 'appointment_id', 'table_data_3_1': 'veterinarian', 'table_data_3_2': 'appointment', 'table_data_3_3': 'client_id', 'table_data_4_1': 'veterinarian', 'table_data_4_2': 'appointment', 'table_data_4_3': 'owner_id'}
[2024-12-03 20:24:15,521] INFO | base >>> ROLLBACK
[2024-12-03 20:24:15,680] WARNING | _internal >>>  * Debugger is active!
[2024-12-03 20:24:15,744] INFO | _internal >>>  * Debugger PIN: 122-152-457
